c:\users\xsale\dokumente\hawh\wise2024\bildverarbeitung\darts\darts\src\c++\darts\darts\x64\debug\vc143.pdb
c:\users\xsale\dokumente\hawh\wise2024\bildverarbeitung\darts\darts\src\c++\darts\darts\x64\debug\vc143.idb
c:\users\xsale\dokumente\hawh\wise2024\bildverarbeitung\darts\darts\src\c++\darts\darts\x64\debug\get_images.obj
c:\users\xsale\dokumente\hawh\wise2024\bildverarbeitung\darts\darts\src\c++\darts\darts\x64\debug\main.obj
d:\darts\darts\src\c++\darts\darts\x64\debug\vc143.pdb
d:\darts\darts\src\c++\darts\darts\x64\debug\vc143.idb
d:\darts\darts\src\c++\darts\darts\x64\debug\get_images.obj
d:\darts\darts\src\c++\darts\darts\x64\debug\calibration.obj
c:\users\xsale\dokumente\hawh\wise2024\bildverarbeitung\darts\darts\src\c++\darts\x64\debug\darts.exe
c:\users\xsale\dokumente\hawh\wise2024\bildverarbeitung\darts\darts\src\c++\darts\x64\debug\darts.pdb
c:\users\xsale\dokumente\hawh\wise2024\bildverarbeitung\darts\darts\src\c++\darts\darts\x64\debug\darts.ilk
d:\darts\darts\src\c++\darts\darts\x64\debug\main.obj
d:\darts\darts\src\c++\darts\darts\x64\debug\main.obj.enc
d:\darts\darts\src\c++\darts\darts\x64\debug\darts.ilk
d:\darts\darts\src\c++\darts\x64\debug\darts.pdb
d:\darts\darts\src\c++\darts\x64\debug\darts.exe
d:\darts\darts\src\c++\darts\darts\x64\debug\darts.tlog\cl.command.1.tlog
d:\darts\darts\src\c++\darts\darts\x64\debug\darts.tlog\cl.items.tlog
d:\darts\darts\src\c++\darts\darts\x64\debug\darts.tlog\cl.read.1.tlog
d:\darts\darts\src\c++\darts\darts\x64\debug\darts.tlog\cl.write.1.tlog
d:\darts\darts\src\c++\darts\darts\x64\debug\darts.tlog\link.command.1.tlog
d:\darts\darts\src\c++\darts\darts\x64\debug\darts.tlog\link.read.1.tlog
d:\darts\darts\src\c++\darts\darts\x64\debug\darts.tlog\link.secondary.1.tlog
d:\darts\darts\src\c++\darts\darts\x64\debug\darts.tlog\link.write.1.tlog
